<?xml version="1.0" encoding="UTF-8"?>
<testsuite name="BasketTest" tests="1" skipped="0" failures="0" errors="0" timestamp="2022-06-07T13:21:25" hostname="DESKTOP-0LTQCQR" time="0.006">
  <properties/>
  <testcase name="testBasket" classname="BasketTest" time="0.006"/>
  <system-out><![CDATA[]]></system-out>
  <system-err><![CDATA[]]></system-err>
</testsuite>
