<?xml version="1.0" encoding="UTF-8"?>
<testsuite name="BoxTest" tests="1" skipped="0" failures="0" errors="0" timestamp="2022-06-06T13:02:37" hostname="DESKTOP-0LTQCQR" time="0.006">
  <properties/>
  <testcase name="testBox" classname="BoxTest" time="0.006"/>
  <system-out><![CDATA[]]></system-out>
  <system-err><![CDATA[]]></system-err>
</testsuite>
