<?xml version="1.0" encoding="UTF-8"?>
<testsuite name="BoxTest" tests="1" skipped="0" failures="0" errors="0" timestamp="2022-06-06T21:23:19" hostname="DESKTOP-0LTQCQR" time="0.003">
  <properties/>
  <testcase name="transfer" classname="BoxTest" time="0.003"/>
  <system-out><![CDATA[]]></system-out>
  <system-err><![CDATA[]]></system-err>
</testsuite>
